2026-01-28 22:59:41,090-INFO-4 changes detected
2026-01-28 23:23:52,917-INFO-1 change detected
2026-01-28 23:26:34,572-INFO-Device created: Ecran
2026-01-28 23:26:34,600-INFO-Pika version 1.3.2 connecting to ('172.20.0.3', 5672)
2026-01-28 23:26:34,603-INFO-Socket connected: <socket.socket fd=20, family=2, type=1, proto=6, laddr=('172.20.0.5', 33664), raddr=('172.20.0.3', 5672)>
2026-01-28 23:26:34,614-INFO-Streaming transport linked up: (<pika.adapters.utils.io_services_utils._AsyncPlaintextTransport object at 0x7f4895b3dd60>, _StreamingProtocolShim: <SelectConnection PROTOCOL transport=<pika.adapters.utils.io_services_utils._AsyncPlaintextTransport object at 0x7f4895b3dd60> params=<ConnectionParameters host=rabbitmq port=5672 virtual_host=/ ssl=False>>).
2026-01-28 23:26:34,639-INFO-AMQPConnector - reporting success: <SelectConnection OPEN transport=<pika.adapters.utils.io_services_utils._AsyncPlaintextTransport object at 0x7f4895b3dd60> params=<ConnectionParameters host=rabbitmq port=5672 virtual_host=/ ssl=False>>
2026-01-28 23:26:34,640-INFO-AMQPConnectionWorkflow - reporting success: <SelectConnection OPEN transport=<pika.adapters.utils.io_services_utils._AsyncPlaintextTransport object at 0x7f4895b3dd60> params=<ConnectionParameters host=rabbitmq port=5672 virtual_host=/ ssl=False>>
2026-01-28 23:26:34,641-INFO-Connection workflow succeeded: <SelectConnection OPEN transport=<pika.adapters.utils.io_services_utils._AsyncPlaintextTransport object at 0x7f4895b3dd60> params=<ConnectionParameters host=rabbitmq port=5672 virtual_host=/ ssl=False>>
2026-01-28 23:26:34,643-INFO-Created channel=1
2026-01-28 23:26:34,653-INFO-Connected to RabbitMQ
2026-01-28 23:26:34,655-INFO-Published message to device.created
2026-01-28 22:26:45,596-INFO-Device deleted: 1
2026-01-28 23:30:39,915-INFO-Published message to device.deleted
2026-01-28 22:27:24,527-INFO-Device created: Ecran
2026-01-28 22:27:24,529-INFO-Published message to device.created
2026-01-29 00:02:42,098-INFO-1 change detected
2026-01-29 00:03:13,085-INFO-1 change detected
2026-01-28 23:01:00,513-INFO-Device created: TestSensor_01
2026-01-28 23:01:00,534-INFO-Pika version 1.3.2 connecting to ('172.20.0.3', 5672)
2026-01-28 23:01:00,536-INFO-Socket connected: <socket.socket fd=19, family=2, type=1, proto=6, laddr=('172.20.0.6', 40864), raddr=('172.20.0.3', 5672)>
2026-01-28 23:01:00,543-INFO-Streaming transport linked up: (<pika.adapters.utils.io_services_utils._AsyncPlaintextTransport object at 0x76c9895fd670>, _StreamingProtocolShim: <SelectConnection PROTOCOL transport=<pika.adapters.utils.io_services_utils._AsyncPlaintextTransport object at 0x76c9895fd670> params=<ConnectionParameters host=rabbitmq port=5672 virtual_host=/ ssl=False>>).
2026-01-28 23:01:00,554-INFO-AMQPConnector - reporting success: <SelectConnection OPEN transport=<pika.adapters.utils.io_services_utils._AsyncPlaintextTransport object at 0x76c9895fd670> params=<ConnectionParameters host=rabbitmq port=5672 virtual_host=/ ssl=False>>
2026-01-28 23:01:00,555-INFO-AMQPConnectionWorkflow - reporting success: <SelectConnection OPEN transport=<pika.adapters.utils.io_services_utils._AsyncPlaintextTransport object at 0x76c9895fd670> params=<ConnectionParameters host=rabbitmq port=5672 virtual_host=/ ssl=False>>
2026-01-28 23:01:00,556-INFO-Connection workflow succeeded: <SelectConnection OPEN transport=<pika.adapters.utils.io_services_utils._AsyncPlaintextTransport object at 0x76c9895fd670> params=<ConnectionParameters host=rabbitmq port=5672 virtual_host=/ ssl=False>>
2026-01-28 23:01:00,558-INFO-Created channel=1
2026-01-28 23:01:00,563-INFO-Connected to RabbitMQ
2026-01-28 23:01:00,565-INFO-Published message to device.created
2026-01-28 23:01:01,473-INFO-Device updated: TestSensor_01
2026-01-28 23:01:01,474-INFO-Published message to device.updated
2026-01-28 23:01:02,326-INFO-Device deleted: 3
2026-01-28 23:01:02,327-INFO-Published message to device.deleted
2026-01-28 23:05:18,435-INFO-Device deleted: 2
2026-01-28 23:05:18,464-INFO-Published message to device.deleted
2026-01-28 23:05:24,329-INFO-Device created: Ecran
2026-01-28 23:05:24,331-INFO-Published message to device.created
2026-01-28 23:12:42,405-INFO-Device created: Capteur Température
2026-01-28 23:12:42,433-INFO-Published message to device.created
2026-01-28 23:13:04,954-INFO-Device deleted: 4
2026-01-28 23:13:04,955-INFO-Published message to device.deleted
2026-01-28 23:13:09,991-INFO-Device created: Ecran
2026-01-28 23:13:09,992-INFO-Published message to device.created
2026-01-29 00:19:37,371-INFO-Device deleted: 6
2026-01-29 00:19:37,379-INFO-Published message to device.deleted
2026-01-29 00:19:42,889-INFO-Device created: Ecran
2026-01-29 00:19:42,890-INFO-Published message to device.created
2026-01-28 23:19:03,586-INFO-Device deleted: 7
2026-01-28 23:19:03,603-INFO-Published message to device.deleted
2026-01-28 23:19:09,786-INFO-Device created: Ecran
2026-01-28 23:19:09,787-INFO-Published message to device.created
2026-01-28 23:23:31,982-INFO-Device deleted: 8
2026-01-28 23:23:31,998-INFO-Published message to device.deleted
2026-01-28 23:23:37,150-INFO-Device created: Ecran
2026-01-28 23:23:37,152-INFO-Published message to device.created
2026-01-28 23:24:00,004-INFO-Device deleted: 9
2026-01-28 23:24:00,007-INFO-Published message to device.deleted
2026-01-28 23:24:03,006-INFO-Device deleted: 5
2026-01-28 23:24:03,007-INFO-Published message to device.deleted
2026-01-28 23:24:34,746-INFO-Device created: Ecran
2026-01-28 23:24:34,747-INFO-Published message to device.created
2026-01-29 11:03:08,469-INFO-Device deleted: 10
2026-01-29 11:03:08,531-INFO-Published message to device.deleted
2026-01-29 11:03:43,344-INFO-Device created: Ecran
2026-01-29 11:03:43,345-INFO-Published message to device.created
2026-01-29 12:11:11,306-INFO-1 change detected
2026-01-29 11:17:20,409-INFO-Connected to Redis at redis:6379
2026-01-29 11:17:20,429-INFO-Cache MISS for devices:all
2026-01-29 11:17:21,478-INFO-Cache SET for devices:all (TTL: 60s)
2026-01-29 11:17:21,523-INFO-Cache HIT for devices:all
2026-01-29 11:17:22,818-INFO-Cache HIT for devices:all
2026-01-29 11:17:22,884-INFO-Cache HIT for devices:all
2026-01-29 11:17:35,346-INFO-Device deleted: 11
2026-01-29 11:17:35,375-INFO-Pika version 1.3.2 connecting to ('172.20.0.3', 5672)
2026-01-29 11:17:35,380-INFO-Socket connected: <socket.socket fd=20, family=2, type=1, proto=6, laddr=('172.20.0.7', 35894), raddr=('172.20.0.3', 5672)>
2026-01-29 11:17:35,397-INFO-Streaming transport linked up: (<pika.adapters.utils.io_services_utils._AsyncPlaintextTransport object at 0x7c531e96e780>, _StreamingProtocolShim: <SelectConnection PROTOCOL transport=<pika.adapters.utils.io_services_utils._AsyncPlaintextTransport object at 0x7c531e96e780> params=<ConnectionParameters host=rabbitmq port=5672 virtual_host=/ ssl=False>>).
2026-01-29 11:17:35,440-INFO-AMQPConnector - reporting success: <SelectConnection OPEN transport=<pika.adapters.utils.io_services_utils._AsyncPlaintextTransport object at 0x7c531e96e780> params=<ConnectionParameters host=rabbitmq port=5672 virtual_host=/ ssl=False>>
2026-01-29 11:17:35,442-INFO-AMQPConnectionWorkflow - reporting success: <SelectConnection OPEN transport=<pika.adapters.utils.io_services_utils._AsyncPlaintextTransport object at 0x7c531e96e780> params=<ConnectionParameters host=rabbitmq port=5672 virtual_host=/ ssl=False>>
2026-01-29 11:17:35,444-INFO-Connection workflow succeeded: <SelectConnection OPEN transport=<pika.adapters.utils.io_services_utils._AsyncPlaintextTransport object at 0x7c531e96e780> params=<ConnectionParameters host=rabbitmq port=5672 virtual_host=/ ssl=False>>
2026-01-29 11:17:35,450-INFO-Created channel=1
2026-01-29 11:17:35,469-INFO-Connected to RabbitMQ
2026-01-29 11:17:35,472-INFO-Published message to device.deleted
2026-01-29 11:17:43,977-INFO-Device created: Ecran
2026-01-29 11:17:43,980-INFO-Published message to device.created
2026-01-29 11:17:45,771-INFO-Cache MISS for devices:all
2026-01-29 11:17:45,775-INFO-Cache SET for devices:all (TTL: 60s)
2026-01-29 11:17:45,784-INFO-Cache HIT for devices:all
2026-01-29 11:17:51,459-INFO-Device deleted: 12
2026-01-29 11:17:51,469-INFO-Published message to device.deleted
2026-01-29 11:20:01,380-INFO-Cache MISS for devices:all
2026-01-29 11:20:01,471-INFO-Cache SET for devices:all (TTL: 60s)
2026-01-29 11:20:01,500-INFO-Cache HIT for devices:all
2026-01-29 11:20:01,511-INFO-Cache SET for devices:all (TTL: 60s)
2026-01-29 11:20:16,358-INFO-Device created: Ecran
2026-01-29 11:20:16,371-INFO-Published message to device.created
2026-01-29 11:20:16,380-INFO-Cache DELETED for pattern devices:all (1 keys)
2026-01-29 11:20:18,267-INFO-Cache MISS for devices:all
2026-01-29 11:20:18,274-INFO-Cache SET for devices:all (TTL: 60s)
2026-01-29 11:20:18,283-INFO-Cache HIT for devices:all
2026-01-29 11:24:32,906-INFO-Connected to Redis at redis:6379
2026-01-29 11:24:32,909-INFO-Cache MISS for devices:all
2026-01-29 11:24:32,938-INFO-Cache SET for devices:all (TTL: 60s)
2026-01-29 11:24:32,951-INFO-Cache HIT for devices:all
2026-01-29 11:24:40,942-INFO-Device deleted: 13
2026-01-29 11:24:40,950-INFO-Pika version 1.3.2 connecting to ('172.20.0.3', 5672)
2026-01-29 11:24:40,954-INFO-Socket connected: <socket.socket fd=20, family=2, type=1, proto=6, laddr=('172.20.0.7', 34240), raddr=('172.20.0.3', 5672)>
2026-01-29 11:24:40,957-INFO-Streaming transport linked up: (<pika.adapters.utils.io_services_utils._AsyncPlaintextTransport object at 0x7c518c592210>, _StreamingProtocolShim: <SelectConnection PROTOCOL transport=<pika.adapters.utils.io_services_utils._AsyncPlaintextTransport object at 0x7c518c592210> params=<ConnectionParameters host=rabbitmq port=5672 virtual_host=/ ssl=False>>).
2026-01-29 11:24:41,010-INFO-AMQPConnector - reporting success: <SelectConnection OPEN transport=<pika.adapters.utils.io_services_utils._AsyncPlaintextTransport object at 0x7c518c592210> params=<ConnectionParameters host=rabbitmq port=5672 virtual_host=/ ssl=False>>
2026-01-29 11:24:41,013-INFO-AMQPConnectionWorkflow - reporting success: <SelectConnection OPEN transport=<pika.adapters.utils.io_services_utils._AsyncPlaintextTransport object at 0x7c518c592210> params=<ConnectionParameters host=rabbitmq port=5672 virtual_host=/ ssl=False>>
2026-01-29 11:24:41,015-INFO-Connection workflow succeeded: <SelectConnection OPEN transport=<pika.adapters.utils.io_services_utils._AsyncPlaintextTransport object at 0x7c518c592210> params=<ConnectionParameters host=rabbitmq port=5672 virtual_host=/ ssl=False>>
2026-01-29 11:24:41,017-INFO-Created channel=1
2026-01-29 11:24:41,031-INFO-Connected to RabbitMQ
2026-01-29 11:24:41,032-INFO-Published message to device.deleted
2026-01-29 11:24:41,037-INFO-Cache DELETED for pattern devices:all (1 keys)
2026-01-29 11:24:57,152-INFO-Device created: Ecran
2026-01-29 11:24:57,154-INFO-Published message to device.created
2026-01-29 11:24:59,190-INFO-Cache MISS for devices:all
2026-01-29 11:24:59,211-INFO-Cache SET for devices:all (TTL: 60s)
2026-01-29 11:24:59,218-INFO-Cache HIT for devices:all
2026-01-29 11:25:51,669-INFO-Connected to Redis at redis:6379
2026-01-29 11:25:51,670-INFO-Cache MISS for devices:all
2026-01-29 11:25:51,697-INFO-Cache SET for devices:all (TTL: 60s)
2026-01-29 11:25:51,706-INFO-Cache HIT for devices:all
2026-01-29 11:25:55,645-INFO-Device deleted: 14
2026-01-29 11:25:55,648-INFO-Pika version 1.3.2 connecting to ('172.20.0.3', 5672)
2026-01-29 11:25:55,650-INFO-Socket connected: <socket.socket fd=20, family=2, type=1, proto=6, laddr=('172.20.0.7', 39636), raddr=('172.20.0.3', 5672)>
2026-01-29 11:25:55,652-INFO-Streaming transport linked up: (<pika.adapters.utils.io_services_utils._AsyncPlaintextTransport object at 0x78c3bcf3cb00>, _StreamingProtocolShim: <SelectConnection PROTOCOL transport=<pika.adapters.utils.io_services_utils._AsyncPlaintextTransport object at 0x78c3bcf3cb00> params=<ConnectionParameters host=rabbitmq port=5672 virtual_host=/ ssl=False>>).
2026-01-29 11:25:55,662-INFO-AMQPConnector - reporting success: <SelectConnection OPEN transport=<pika.adapters.utils.io_services_utils._AsyncPlaintextTransport object at 0x78c3bcf3cb00> params=<ConnectionParameters host=rabbitmq port=5672 virtual_host=/ ssl=False>>
2026-01-29 11:25:55,663-INFO-AMQPConnectionWorkflow - reporting success: <SelectConnection OPEN transport=<pika.adapters.utils.io_services_utils._AsyncPlaintextTransport object at 0x78c3bcf3cb00> params=<ConnectionParameters host=rabbitmq port=5672 virtual_host=/ ssl=False>>
2026-01-29 11:25:55,665-INFO-Connection workflow succeeded: <SelectConnection OPEN transport=<pika.adapters.utils.io_services_utils._AsyncPlaintextTransport object at 0x78c3bcf3cb00> params=<ConnectionParameters host=rabbitmq port=5672 virtual_host=/ ssl=False>>
2026-01-29 11:25:55,666-INFO-Created channel=1
2026-01-29 11:25:55,669-INFO-Connected to RabbitMQ
2026-01-29 11:25:55,671-INFO-Published message to device.deleted
2026-01-29 11:25:55,675-INFO-Cache DELETED for pattern devices:all (1 keys)
2026-01-29 11:26:13,242-INFO-Device created: Ecran
2026-01-29 11:26:13,243-INFO-Published message to device.created
2026-01-29 11:26:15,058-INFO-Cache MISS for devices:all
2026-01-29 11:26:15,063-INFO-Cache SET for devices:all (TTL: 60s)
2026-01-29 11:26:15,071-INFO-Cache HIT for devices:all
2026-01-29 11:26:54,548-INFO-Connected to Redis at redis:6379
2026-01-29 11:26:54,550-INFO-Cache MISS for devices:all
2026-01-29 11:26:54,574-INFO-Cache SET for devices:all (TTL: 60s)
2026-01-29 11:26:54,585-INFO-Cache HIT for devices:all
2026-01-29 11:27:23,209-INFO-Device deleted: 15
2026-01-29 11:27:23,213-INFO-Pika version 1.3.2 connecting to ('172.20.0.3', 5672)
2026-01-29 11:27:23,217-INFO-Socket connected: <socket.socket fd=20, family=2, type=1, proto=6, laddr=('172.20.0.7', 34048), raddr=('172.20.0.3', 5672)>
2026-01-29 11:27:23,219-INFO-Streaming transport linked up: (<pika.adapters.utils.io_services_utils._AsyncPlaintextTransport object at 0x7090fef6e450>, _StreamingProtocolShim: <SelectConnection PROTOCOL transport=<pika.adapters.utils.io_services_utils._AsyncPlaintextTransport object at 0x7090fef6e450> params=<ConnectionParameters host=rabbitmq port=5672 virtual_host=/ ssl=False>>).
2026-01-29 11:27:23,226-INFO-AMQPConnector - reporting success: <SelectConnection OPEN transport=<pika.adapters.utils.io_services_utils._AsyncPlaintextTransport object at 0x7090fef6e450> params=<ConnectionParameters host=rabbitmq port=5672 virtual_host=/ ssl=False>>
2026-01-29 11:27:23,227-INFO-AMQPConnectionWorkflow - reporting success: <SelectConnection OPEN transport=<pika.adapters.utils.io_services_utils._AsyncPlaintextTransport object at 0x7090fef6e450> params=<ConnectionParameters host=rabbitmq port=5672 virtual_host=/ ssl=False>>
2026-01-29 11:27:23,227-INFO-Connection workflow succeeded: <SelectConnection OPEN transport=<pika.adapters.utils.io_services_utils._AsyncPlaintextTransport object at 0x7090fef6e450> params=<ConnectionParameters host=rabbitmq port=5672 virtual_host=/ ssl=False>>
2026-01-29 11:27:23,229-INFO-Created channel=1
2026-01-29 11:27:23,233-INFO-Connected to RabbitMQ
2026-01-29 11:27:23,234-INFO-Published message to device.deleted
2026-01-29 11:27:32,870-INFO-Device created: Ecran
2026-01-29 11:27:32,872-INFO-Published message to device.created
2026-01-29 11:27:34,769-INFO-Cache MISS for devices:all
2026-01-29 11:27:34,777-INFO-Cache SET for devices:all (TTL: 60s)
2026-01-29 11:27:34,784-INFO-Cache HIT for devices:all
2026-01-29 11:30:29,687-INFO-Connected to Redis at redis:6379
2026-01-29 11:30:29,697-INFO-Cache MISS for devices:all
2026-01-29 11:30:29,728-INFO-Cache SET for devices:all (TTL: 60s)
2026-01-29 11:30:29,749-INFO-Cache HIT for devices:all
2026-01-29 11:30:36,074-INFO-Device deleted: 16
2026-01-29 11:30:36,079-INFO-Pika version 1.3.2 connecting to ('172.20.0.3', 5672)
2026-01-29 11:30:36,081-INFO-Socket connected: <socket.socket fd=20, family=2, type=1, proto=6, laddr=('172.20.0.7', 47756), raddr=('172.20.0.3', 5672)>
2026-01-29 11:30:36,083-INFO-Streaming transport linked up: (<pika.adapters.utils.io_services_utils._AsyncPlaintextTransport object at 0x7be96fb8a240>, _StreamingProtocolShim: <SelectConnection PROTOCOL transport=<pika.adapters.utils.io_services_utils._AsyncPlaintextTransport object at 0x7be96fb8a240> params=<ConnectionParameters host=rabbitmq port=5672 virtual_host=/ ssl=False>>).
2026-01-29 11:30:36,123-INFO-AMQPConnector - reporting success: <SelectConnection OPEN transport=<pika.adapters.utils.io_services_utils._AsyncPlaintextTransport object at 0x7be96fb8a240> params=<ConnectionParameters host=rabbitmq port=5672 virtual_host=/ ssl=False>>
2026-01-29 11:30:36,125-INFO-AMQPConnectionWorkflow - reporting success: <SelectConnection OPEN transport=<pika.adapters.utils.io_services_utils._AsyncPlaintextTransport object at 0x7be96fb8a240> params=<ConnectionParameters host=rabbitmq port=5672 virtual_host=/ ssl=False>>
2026-01-29 11:30:36,127-INFO-Connection workflow succeeded: <SelectConnection OPEN transport=<pika.adapters.utils.io_services_utils._AsyncPlaintextTransport object at 0x7be96fb8a240> params=<ConnectionParameters host=rabbitmq port=5672 virtual_host=/ ssl=False>>
2026-01-29 11:30:36,130-INFO-Created channel=1
2026-01-29 11:30:36,166-INFO-Connected to RabbitMQ
2026-01-29 11:30:36,168-INFO-Published message to device.deleted
2026-01-29 11:30:47,124-INFO-Device created: Ecran
2026-01-29 11:30:47,126-INFO-Published message to device.created
2026-01-29 11:30:48,825-INFO-Cache MISS for devices:all
2026-01-29 11:30:48,831-INFO-Cache SET for devices:all (TTL: 60s)
2026-01-29 11:30:48,838-INFO-Cache HIT for devices:all
2026-01-29 12:33:14,648-INFO-Connected to Redis at redis:6379
2026-01-29 12:33:14,661-INFO-Cache MISS for devices:all
2026-01-29 12:33:15,154-INFO-Cache SET for devices:all (TTL: 60s)
2026-01-29 12:33:15,181-INFO-Cache HIT for devices:all
2026-01-29 12:36:35,038-INFO-Cache MISS for devices:all
2026-01-29 12:36:35,193-INFO-Cache SET for devices:all (TTL: 60s)
2026-01-29 12:36:35,226-INFO-Cache HIT for devices:all
2026-01-29 12:41:41,342-INFO-Cache MISS for devices:all
2026-01-29 12:41:41,434-INFO-Cache SET for devices:all (TTL: 60s)
2026-01-29 12:41:41,462-INFO-Cache HIT for devices:all
2026-01-29 12:45:14,621-INFO-Connected to Redis at redis:6379
2026-01-29 12:45:14,636-INFO-Cache MISS for devices:all
2026-01-29 12:45:14,734-INFO-Cache SET for devices:all (TTL: 60s)
2026-01-29 12:45:14,752-INFO-Cache HIT for devices:all
2026-01-29 12:45:40,612-INFO-Cache MISS for devices:all
2026-01-29 12:45:40,617-INFO-Cache SET for devices:all (TTL: 60s)
2026-01-29 12:45:40,625-INFO-Cache HIT for devices:all
2026-01-29 12:45:44,234-INFO-Device deleted: 17
2026-01-29 12:45:44,245-INFO-Pika version 1.3.2 connecting to ('172.20.0.3', 5672)
2026-01-29 12:45:44,247-INFO-Socket connected: <socket.socket fd=20, family=2, type=1, proto=6, laddr=('172.20.0.5', 42906), raddr=('172.20.0.3', 5672)>
2026-01-29 12:45:44,254-INFO-Streaming transport linked up: (<pika.adapters.utils.io_services_utils._AsyncPlaintextTransport object at 0x786262befaa0>, _StreamingProtocolShim: <SelectConnection PROTOCOL transport=<pika.adapters.utils.io_services_utils._AsyncPlaintextTransport object at 0x786262befaa0> params=<ConnectionParameters host=rabbitmq port=5672 virtual_host=/ ssl=False>>).
2026-01-29 12:45:44,271-INFO-AMQPConnector - reporting success: <SelectConnection OPEN transport=<pika.adapters.utils.io_services_utils._AsyncPlaintextTransport object at 0x786262befaa0> params=<ConnectionParameters host=rabbitmq port=5672 virtual_host=/ ssl=False>>
2026-01-29 12:45:44,272-INFO-AMQPConnectionWorkflow - reporting success: <SelectConnection OPEN transport=<pika.adapters.utils.io_services_utils._AsyncPlaintextTransport object at 0x786262befaa0> params=<ConnectionParameters host=rabbitmq port=5672 virtual_host=/ ssl=False>>
2026-01-29 12:45:44,273-INFO-Connection workflow succeeded: <SelectConnection OPEN transport=<pika.adapters.utils.io_services_utils._AsyncPlaintextTransport object at 0x786262befaa0> params=<ConnectionParameters host=rabbitmq port=5672 virtual_host=/ ssl=False>>
2026-01-29 12:45:44,275-INFO-Created channel=1
2026-01-29 13:49:38,786-INFO-Connected to RabbitMQ
2026-01-29 13:49:38,788-INFO-Published message to device.deleted
2026-01-29 12:47:41,963-INFO-Cache MISS for devices:all
2026-01-29 12:47:42,348-INFO-Cache SET for devices:all (TTL: 60s)
2026-01-29 12:48:26,752-INFO-Cache MISS for devices:all
2026-01-29 12:48:26,793-INFO-Cache SET for devices:all (TTL: 60s)
2026-01-29 12:48:26,847-INFO-Cache HIT for devices:all
2026-01-29 12:48:26,864-INFO-Cache SET for devices:all (TTL: 60s)
2026-01-29 12:48:45,602-INFO-Cache MISS for devices:all
2026-01-29 12:48:45,606-INFO-Cache SET for devices:all (TTL: 60s)
2026-01-29 12:48:45,614-INFO-Cache HIT for devices:all
2026-01-29 12:48:45,617-INFO-Cache SET for devices:all (TTL: 60s)
2026-01-29 12:49:05,981-INFO-Device created: Ecran
2026-01-29 12:49:06,005-INFO-Published message to device.created
2026-01-29 12:49:07,762-INFO-Cache MISS for devices:all
2026-01-29 12:49:07,771-INFO-Cache SET for devices:all (TTL: 60s)
2026-01-29 12:49:07,776-INFO-Cache HIT for devices:all
2026-01-29 12:49:12,511-INFO-Device deleted: 18
2026-01-29 12:49:12,512-INFO-Published message to device.deleted
2026-01-29 12:49:12,519-INFO-Cache DELETED for pattern devices:all (1 keys)
